Determining if the pthread_create exist failed with the following output:
Change Dir: /home/p285253/ur5e_plugins/src/forward_kinematics/build/CMakeFiles/CMakeTmp

Run Build Command:"/usr/bin/make" "cmTC_c2431/fast"
/usr/bin/make -f CMakeFiles/cmTC_c2431.dir/build.make CMakeFiles/cmTC_c2431.dir/build
make[1]: Entering directory '/home/p285253/ur5e_plugins/src/forward_kinematics/build/CMakeFiles/CMakeTmp'
Building C object CMakeFiles/cmTC_c2431.dir/CheckSymbolExists.c.o
/usr/bin/cc     -o CMakeFiles/cmTC_c2431.dir/CheckSymbolExists.c.o   -c /home/p285253/ur5e_plugins/src/forward_kinematics/build/CMakeFiles/CMakeTmp/CheckSymbolExists.c
Linking C executable cmTC_c2431
/usr/bin/cmake -E cmake_link_script CMakeFiles/cmTC_c2431.dir/link.txt --verbose=1
/usr/bin/cc       CMakeFiles/cmTC_c2431.dir/CheckSymbolExists.c.o  -o cmTC_c2431 -rdynamic 
CMakeFiles/cmTC_c2431.dir/CheckSymbolExists.c.o: In function `main':
CheckSymbolExists.c:(.text+0x16): undefined reference to `pthread_create'
collect2: error: ld returned 1 exit status
CMakeFiles/cmTC_c2431.dir/build.make:97: recipe for target 'cmTC_c2431' failed
make[1]: *** [cmTC_c2431] Error 1
make[1]: Leaving directory '/home/p285253/ur5e_plugins/src/forward_kinematics/build/CMakeFiles/CMakeTmp'
Makefile:126: recipe for target 'cmTC_c2431/fast' failed
make: *** [cmTC_c2431/fast] Error 2

File /home/p285253/ur5e_plugins/src/forward_kinematics/build/CMakeFiles/CMakeTmp/CheckSymbolExists.c:
/* */
#include <pthread.h>

int main(int argc, char** argv)
{
  (void)argv;
#ifndef pthread_create
  return ((int*)(&pthread_create))[argc];
#else
  (void)argc;
  return 0;
#endif
}

Determining if the function pthread_create exists in the pthreads failed with the following output:
Change Dir: /home/p285253/ur5e_plugins/src/forward_kinematics/build/CMakeFiles/CMakeTmp

Run Build Command:"/usr/bin/make" "cmTC_0ef5b/fast"
/usr/bin/make -f CMakeFiles/cmTC_0ef5b.dir/build.make CMakeFiles/cmTC_0ef5b.dir/build
make[1]: Entering directory '/home/p285253/ur5e_plugins/src/forward_kinematics/build/CMakeFiles/CMakeTmp'
Building C object CMakeFiles/cmTC_0ef5b.dir/CheckFunctionExists.c.o
/usr/bin/cc    -DCHECK_FUNCTION_EXISTS=pthread_create   -o CMakeFiles/cmTC_0ef5b.dir/CheckFunctionExists.c.o   -c /usr/share/cmake-3.5/Modules/CheckFunctionExists.c
Linking C executable cmTC_0ef5b
/usr/bin/cmake -E cmake_link_script CMakeFiles/cmTC_0ef5b.dir/link.txt --verbose=1
/usr/bin/cc   -DCHECK_FUNCTION_EXISTS=pthread_create    CMakeFiles/cmTC_0ef5b.dir/CheckFunctionExists.c.o  -o cmTC_0ef5b -rdynamic -lpthreads 
/usr/bin/ld: cannot find -lpthreads
collect2: error: ld returned 1 exit status
CMakeFiles/cmTC_0ef5b.dir/build.make:97: recipe for target 'cmTC_0ef5b' failed
make[1]: *** [cmTC_0ef5b] Error 1
make[1]: Leaving directory '/home/p285253/ur5e_plugins/src/forward_kinematics/build/CMakeFiles/CMakeTmp'
Makefile:126: recipe for target 'cmTC_0ef5b/fast' failed
make: *** [cmTC_0ef5b/fast] Error 2


